@storybook/cli v7.1.0

info => Cleaning outputDir: /var/folders/vw/2h81xj4s1qgcr82kc3dvcdkm0000gn/T/chromatic--25656-ICVDy3pbi7KZ
info => Loading presets
info => Building manager..
info => Manager built (492 ms)
info => Copying static files: /Users/lukas.mikovec/designsystem/majoneza/node_modules/@storybook/manager/static at /var/folders/vw/2h81xj4s1qgcr82kc3dvcdkm0000gn/T/chromatic--25656-ICVDy3pbi7KZ/sb-common-assets
vite v4.4.4 building for production...

./sb-common-assets/fonts.css doesn't exist at build time, it will remain unchanged to be resolved at runtime
transforming...
[plugin:vite:resolve] Module "path" has been externalized for browser compatibility, imported by "/Users/lukas.mikovec/designsystem/majoneza/node_modules/jest-util/build/requireOrImportModule.js". See http://vitejs.dev/guide/troubleshooting.html#module-externalized-for-browser-compatibility for more details.
[plugin:vite:resolve] Module "url" has been externalized for browser compatibility, imported by "/Users/lukas.mikovec/designsystem/majoneza/node_modules/jest-util/build/requireOrImportModule.js". See http://vitejs.dev/guide/troubleshooting.html#module-externalized-for-browser-compatibility for more details.
[plugin:vite:resolve] Module "fs" has been externalized for browser compatibility, imported by "/Users/lukas.mikovec/designsystem/majoneza/node_modules/graceful-fs/graceful-fs.js". See http://vitejs.dev/guide/troubleshooting.html#module-externalized-for-browser-compatibility for more details.
[plugin:vite:resolve] Module "constants" has been externalized for browser compatibility, imported by "/Users/lukas.mikovec/designsystem/majoneza/node_modules/graceful-fs/polyfills.js". See http://vitejs.dev/guide/troubleshooting.html#module-externalized-for-browser-compatibility for more details.
[plugin:vite:resolve] Module "path" has been externalized for browser compatibility, imported by "/Users/lukas.mikovec/designsystem/majoneza/node_modules/picomatch/lib/picomatch.js". See http://vitejs.dev/guide/troubleshooting.html#module-externalized-for-browser-compatibility for more details.
[plugin:vite:resolve] Module "stream" has been externalized for browser compatibility, imported by "/Users/lukas.mikovec/designsystem/majoneza/node_modules/graceful-fs/legacy-streams.js". See http://vitejs.dev/guide/troubleshooting.html#module-externalized-for-browser-compatibility for more details.
[plugin:vite:resolve] Module "path" has been externalized for browser compatibility, imported by "/Users/lukas.mikovec/designsystem/majoneza/node_modules/picomatch/lib/utils.js". See http://vitejs.dev/guide/troubleshooting.html#module-externalized-for-browser-compatibility for more details.
[plugin:vite:resolve] Module "path" has been externalized for browser compatibility, imported by "/Users/lukas.mikovec/designsystem/majoneza/node_modules/picomatch/lib/constants.js". See http://vitejs.dev/guide/troubleshooting.html#module-externalized-for-browser-compatibility for more details.
node_modules/telejson/dist/index.mjs (1394:15) Use of eval in "node_modules/telejson/dist/index.mjs" is strongly discouraged as it poses security risks and may cause issues with minification.
node_modules/telejson/dist/index.mjs (1397:18) Use of eval in "node_modules/telejson/dist/index.mjs" is strongly discouraged as it poses security risks and may cause issues with minification.
✓ 1374 modules transformed.
rendering chunks...
[plugin:vite:reporter] 
(!) /Users/lukas.mikovec/designsystem/majoneza/node_modules/@storybook/components/dist/index.mjs is dynamically imported by /Users/lukas.mikovec/designsystem/majoneza/node_modules/@storybook/blocks/dist/index.mjs but also statically imported by /Users/lukas.mikovec/designsystem/majoneza/node_modules/@storybook/blocks/dist/Color-6VNJS4EI.mjs, /Users/lukas.mikovec/designsystem/majoneza/node_modules/@storybook/blocks/dist/index.mjs, dynamic import will not move module into another chunk.

computing gzip size...
../../../../var/folders/vw/2h81xj4s1qgcr82kc3dvcdkm0000gn/T/chromatic--25656-ICVDy3pbi7KZ/assets/youtube-9f26eb0b.svg                           0.72 kB │ gzip:   0.36 kB
../../../../var/folders/vw/2h81xj4s1qgcr82kc3dvcdkm0000gn/T/chromatic--25656-ICVDy3pbi7KZ/assets/tutorials-adff6365.svg                         1.27 kB │ gzip:   0.63 kB
../../../../var/folders/vw/2h81xj4s1qgcr82kc3dvcdkm0000gn/T/chromatic--25656-ICVDy3pbi7KZ/assets/discord-f7d1b78c.svg                           2.41 kB │ gzip:   1.15 kB
../../../../var/folders/vw/2h81xj4s1qgcr82kc3dvcdkm0000gn/T/chromatic--25656-ICVDy3pbi7KZ/assets/github-cdfc3270.svg                            2.72 kB │ gzip:   1.28 kB
../../../../var/folders/vw/2h81xj4s1qgcr82kc3dvcdkm0000gn/T/chromatic--25656-ICVDy3pbi7KZ/assets/context-c612d889.png                           6.12 kB
../../../../var/folders/vw/2h81xj4s1qgcr82kc3dvcdkm0000gn/T/chromatic--25656-ICVDy3pbi7KZ/assets/styling-c83082e0.png                           7.24 kB
../../../../var/folders/vw/2h81xj4s1qgcr82kc3dvcdkm0000gn/T/chromatic--25656-ICVDy3pbi7KZ/iframe.html                                          12.72 kB │ gzip:   3.57 kB
../../../../var/folders/vw/2h81xj4s1qgcr82kc3dvcdkm0000gn/T/chromatic--25656-ICVDy3pbi7KZ/assets/docs-5b0c7100.png                             27.88 kB
../../../../var/folders/vw/2h81xj4s1qgcr82kc3dvcdkm0000gn/T/chromatic--25656-ICVDy3pbi7KZ/assets/share-b59d6c77.png                            40.77 kB
../../../../var/folders/vw/2h81xj4s1qgcr82kc3dvcdkm0000gn/T/chromatic--25656-ICVDy3pbi7KZ/assets/accessibility-cd6d60f7.png                    42.34 kB
../../../../var/folders/vw/2h81xj4s1qgcr82kc3dvcdkm0000gn/T/chromatic--25656-ICVDy3pbi7KZ/assets/figma-plugin-b0a5ad2d.png                     44.25 kB
../../../../var/folders/vw/2h81xj4s1qgcr82kc3dvcdkm0000gn/T/chromatic--25656-ICVDy3pbi7KZ/assets/theming-b6e819c3.png                          44.37 kB
../../../../var/folders/vw/2h81xj4s1qgcr82kc3dvcdkm0000gn/T/chromatic--25656-ICVDy3pbi7KZ/assets/testing-6a59f681.png                          49.31 kB
../../../../var/folders/vw/2h81xj4s1qgcr82kc3dvcdkm0000gn/T/chromatic--25656-ICVDy3pbi7KZ/assets/addon-library-bc7ba705.png                   467.37 kB
../../../../var/folders/vw/2h81xj4s1qgcr82kc3dvcdkm0000gn/T/chromatic--25656-ICVDy3pbi7KZ/assets/Header-a6911580.css                            0.51 kB │ gzip:   0.31 kB
../../../../var/folders/vw/2h81xj4s1qgcr82kc3dvcdkm0000gn/T/chromatic--25656-ICVDy3pbi7KZ/assets/Button-500f1c35.css                            0.52 kB │ gzip:   0.29 kB
../../../../var/folders/vw/2h81xj4s1qgcr82kc3dvcdkm0000gn/T/chromatic--25656-ICVDy3pbi7KZ/assets/Page.stories-ece1482a.css                      0.93 kB │ gzip:   0.39 kB
../../../../var/folders/vw/2h81xj4s1qgcr82kc3dvcdkm0000gn/T/chromatic--25656-ICVDy3pbi7KZ/assets/assert-a1982797.js                             0.13 kB │ gzip:   0.14 kB │ map:     0.52 kB
../../../../var/folders/vw/2h81xj4s1qgcr82kc3dvcdkm0000gn/T/chromatic--25656-ICVDy3pbi7KZ/assets/preview-1e5c59db.js                            0.19 kB │ gzip:   0.19 kB │ map:     0.60 kB
../../../../var/folders/vw/2h81xj4s1qgcr82kc3dvcdkm0000gn/T/chromatic--25656-ICVDy3pbi7KZ/assets/index-d475d2ea.js                              0.21 kB │ gzip:   0.17 kB │ map:     0.83 kB
../../../../var/folders/vw/2h81xj4s1qgcr82kc3dvcdkm0000gn/T/chromatic--25656-ICVDy3pbi7KZ/assets/index-186b3228.js                              0.25 kB │ gzip:   0.20 kB │ map:     0.10 kB
../../../../var/folders/vw/2h81xj4s1qgcr82kc3dvcdkm0000gn/T/chromatic--25656-ICVDy3pbi7KZ/assets/_commonjs-dynamic-modules-302442b1.js          0.30 kB │ gzip:   0.24 kB │ map:     0.12 kB
../../../../var/folders/vw/2h81xj4s1qgcr82kc3dvcdkm0000gn/T/chromatic--25656-ICVDy3pbi7KZ/assets/WithTooltip-I4CCNYWD-a7e7e0ca.js               0.50 kB │ gzip:   0.29 kB │ map:     0.11 kB
../../../../var/folders/vw/2h81xj4s1qgcr82kc3dvcdkm0000gn/T/chromatic--25656-ICVDy3pbi7KZ/assets/syntaxhighlighter-SIPZPD4I-609cae8d.js         0.52 kB │ gzip:   0.31 kB │ map:     0.12 kB
../../../../var/folders/vw/2h81xj4s1qgcr82kc3dvcdkm0000gn/T/chromatic--25656-ICVDy3pbi7KZ/assets/index-1d576ef5.js                              0.53 kB │ gzip:   0.34 kB │ map:     4.28 kB
../../../../var/folders/vw/2h81xj4s1qgcr82kc3dvcdkm0000gn/T/chromatic--25656-ICVDy3pbi7KZ/assets/react-18-d4e41006.js                           0.59 kB │ gzip:   0.38 kB │ map:     2.63 kB
../../../../var/folders/vw/2h81xj4s1qgcr82kc3dvcdkm0000gn/T/chromatic--25656-ICVDy3pbi7KZ/assets/preview-4f2282c9.js                            0.61 kB │ gzip:   0.37 kB │ map:     0.56 kB
../../../../var/folders/vw/2h81xj4s1qgcr82kc3dvcdkm0000gn/T/chromatic--25656-ICVDy3pbi7KZ/assets/preview-5ef354f3.js                            0.69 kB │ gzip:   0.49 kB │ map:     3.90 kB
../../../../var/folders/vw/2h81xj4s1qgcr82kc3dvcdkm0000gn/T/chromatic--25656-ICVDy3pbi7KZ/assets/_commonjsHelpers-042e6b4d.js                   0.78 kB │ gzip:   0.44 kB │ map:     0.11 kB
../../../../var/folders/vw/2h81xj4s1qgcr82kc3dvcdkm0000gn/T/chromatic--25656-ICVDy3pbi7KZ/assets/index-356e4a49.js                              0.81 kB │ gzip:   0.51 kB │ map:     3.27 kB
../../../../var/folders/vw/2h81xj4s1qgcr82kc3dvcdkm0000gn/T/chromatic--25656-ICVDy3pbi7KZ/assets/index-1fc0ca9a.js                              0.84 kB │ gzip:   0.55 kB │ map:     4.11 kB
../../../../var/folders/vw/2h81xj4s1qgcr82kc3dvcdkm0000gn/T/chromatic--25656-ICVDy3pbi7KZ/assets/preview-b79ea209.js                            0.90 kB │ gzip:   0.60 kB │ map:     2.94 kB
../../../../var/folders/vw/2h81xj4s1qgcr82kc3dvcdkm0000gn/T/chromatic--25656-ICVDy3pbi7KZ/assets/Header.stories-f27556f4.js                     0.92 kB │ gzip:   0.49 kB │ map:     0.11 kB
../../../../var/folders/vw/2h81xj4s1qgcr82kc3dvcdkm0000gn/T/chromatic--25656-ICVDy3pbi7KZ/assets/jsx-runtime-91a467a5.js                        1.02 kB │ gzip:   0.64 kB │ map:     2.31 kB
../../../../var/folders/vw/2h81xj4s1qgcr82kc3dvcdkm0000gn/T/chromatic--25656-ICVDy3pbi7KZ/assets/DocsRenderer-3PUGWF3O-1db39bd3.js              1.36 kB │ gzip:   0.73 kB │ map:     2.59 kB
../../../../var/folders/vw/2h81xj4s1qgcr82kc3dvcdkm0000gn/T/chromatic--25656-ICVDy3pbi7KZ/assets/Button-99f9b520.js                             1.48 kB │ gzip:   0.70 kB │ map:     1.89 kB
../../../../var/folders/vw/2h81xj4s1qgcr82kc3dvcdkm0000gn/T/chromatic--25656-ICVDy3pbi7KZ/assets/Button.stories-f9d3a091.js                     1.58 kB │ gzip:   0.61 kB │ map:     0.13 kB
../../../../var/folders/vw/2h81xj4s1qgcr82kc3dvcdkm0000gn/T/chromatic--25656-ICVDy3pbi7KZ/assets/Header-f2d826fb.js                             1.70 kB │ gzip:   0.83 kB │ map:     3.07 kB
../../../../var/folders/vw/2h81xj4s1qgcr82kc3dvcdkm0000gn/T/chromatic--25656-ICVDy3pbi7KZ/assets/preview-a60aa466.js                            2.40 kB │ gzip:   1.25 kB │ map:    11.04 kB
../../../../var/folders/vw/2h81xj4s1qgcr82kc3dvcdkm0000gn/T/chromatic--25656-ICVDy3pbi7KZ/assets/index-d37d4223.js                              2.63 kB │ gzip:   1.30 kB │ map:     7.48 kB
../../../../var/folders/vw/2h81xj4s1qgcr82kc3dvcdkm0000gn/T/chromatic--25656-ICVDy3pbi7KZ/assets/preview-770cc08b.js                            3.22 kB │ gzip:   1.39 kB │ map:    10.23 kB
../../../../var/folders/vw/2h81xj4s1qgcr82kc3dvcdkm0000gn/T/chromatic--25656-ICVDy3pbi7KZ/assets/iframe-99f0164e.js                             5.24 kB │ gzip:   1.83 kB │ map:     5.26 kB
../../../../var/folders/vw/2h81xj4s1qgcr82kc3dvcdkm0000gn/T/chromatic--25656-ICVDy3pbi7KZ/assets/index-8db94870.js                              7.21 kB │ gzip:   2.95 kB │ map:    15.73 kB
../../../../var/folders/vw/2h81xj4s1qgcr82kc3dvcdkm0000gn/T/chromatic--25656-ICVDy3pbi7KZ/assets/preview-d8c963a4.js                            7.67 kB │ gzip:   1.60 kB │ map:    14.21 kB
../../../../var/folders/vw/2h81xj4s1qgcr82kc3dvcdkm0000gn/T/chromatic--25656-ICVDy3pbi7KZ/assets/preview-25cb0eda.js                            8.33 kB │ gzip:   3.21 kB │ map:    29.41 kB
../../../../var/folders/vw/2h81xj4s1qgcr82kc3dvcdkm0000gn/T/chromatic--25656-ICVDy3pbi7KZ/assets/index-da07a199.js                             13.66 kB │ gzip:   5.12 kB │ map:    53.14 kB
../../../../var/folders/vw/2h81xj4s1qgcr82kc3dvcdkm0000gn/T/chromatic--25656-ICVDy3pbi7KZ/assets/index-053f5547.js                             14.74 kB │ gzip:   4.86 kB │ map:    49.44 kB
../../../../var/folders/vw/2h81xj4s1qgcr82kc3dvcdkm0000gn/T/chromatic--25656-ICVDy3pbi7KZ/assets/GlobalScrollAreaStyles-DZEYMYDM-e1d081af.js   15.10 kB │ gzip:   2.83 kB │ map:    21.43 kB
../../../../var/folders/vw/2h81xj4s1qgcr82kc3dvcdkm0000gn/T/chromatic--25656-ICVDy3pbi7KZ/assets/Configure-befbaa33.js                         17.08 kB │ gzip:   7.75 kB │ map:    26.54 kB
../../../../var/folders/vw/2h81xj4s1qgcr82kc3dvcdkm0000gn/T/chromatic--25656-ICVDy3pbi7KZ/assets/Color-6VNJS4EI-93d9b9a8.js                    17.69 kB │ gzip:   6.78 kB │ map:    59.68 kB
../../../../var/folders/vw/2h81xj4s1qgcr82kc3dvcdkm0000gn/T/chromatic--25656-ICVDy3pbi7KZ/assets/OverlayScrollbars-OGE3XJTA-5fb73e1f.js        28.94 kB │ gzip:  14.21 kB │ map:   108.11 kB
../../../../var/folders/vw/2h81xj4s1qgcr82kc3dvcdkm0000gn/T/chromatic--25656-ICVDy3pbi7KZ/assets/preview-1a17af96.js                           94.97 kB │ gzip:  31.59 kB │ map:   351.03 kB
../../../../var/folders/vw/2h81xj4s1qgcr82kc3dvcdkm0000gn/T/chromatic--25656-ICVDy3pbi7KZ/assets/index-379ca6ec.js                            212.52 kB │ gzip:  66.44 kB │ map:   653.38 kB
../../../../var/folders/vw/2h81xj4s1qgcr82kc3dvcdkm0000gn/T/chromatic--25656-ICVDy3pbi7KZ/assets/config-fc4108d1.js                           213.51 kB │ gzip:  66.38 kB │ map:   803.45 kB
../../../../var/folders/vw/2h81xj4s1qgcr82kc3dvcdkm0000gn/T/chromatic--25656-ICVDy3pbi7KZ/assets/Page.stories-8d2d22ee.js                     293.02 kB │ gzip:  72.32 kB │ map: 1,086.66 kB
../../../../var/folders/vw/2h81xj4s1qgcr82kc3dvcdkm0000gn/T/chromatic--25656-ICVDy3pbi7KZ/assets/index-822ebd0c.js                            515.87 kB │ gzip: 169.48 kB │ map: 1,483.07 kB
../../../../var/folders/vw/2h81xj4s1qgcr82kc3dvcdkm0000gn/T/chromatic--25656-ICVDy3pbi7KZ/assets/formatter-OJ5LH2CX-b8f64a00.js               601.70 kB │ gzip: 185.08 kB │ map: 1,318.62 kB

(!) Some chunks are larger than 500 kBs after minification. Consider:
- Using dynamic import() to code-split the application
- Use build.rollupOptions.output.manualChunks to improve chunking: https://rollupjs.org/configuration-options/#output-manualchunks
- Adjust chunk size limit for this warning via build.chunkSizeWarningLimit.
✓ built in 8.66s
info => Output directory: /var/folders/vw/2h81xj4s1qgcr82kc3dvcdkm0000gn/T/chromatic--25656-ICVDy3pbi7KZ
